# JRE version: OpenJDK Runtime Environment (17.0.6) (build 17.0.6+0-b2043.56-10027231)
# Java VM: OpenJDK 64-Bit Server VM (17.0.6+0-b2043.56-10027231, mixed mode, tiered, compressed oops, compressed class ptrs, g1 gc, windows-amd64)
GC Precious Log:
 CPUs: 12 total, 12 available
 Memory: 5996M
 Large Page Support: Disabled
 NUMA Support: Disabled
 Compressed Oops: Enabled (32-bit)
 Heap Region Size: 1M
 Heap Min Capacity: 8M
 Heap Initial Capacity: 94M
 Heap Max Capacity: 2G
 Pre-touch: Disabled
 Parallel Workers: 10
 Concurrent Workers: 3
 Concurrent Refinement Workers: 10
 Periodic GC: Disabled
Heap:
 garbage-first heap   total 204800K, used 65277K [0x0000000080000000, 0x0000000100000000)
  region size 1024K, 14 young (14336K), 10 survivors (10240K)
 Metaspace       used 70962K, committed 71552K, reserved 1114112K
  class space    used 9375K, committed 9664K, reserved 1048576K
GC Heap History (20 events):
Event: 11.536 GC heap before
{Heap before GC invocations=14 (full 0):
 garbage-first heap   total 68608K, used 52147K [0x0000000080000000, 0x0000000100000000)
  region size 1024K, 22 young (22528K), 3 survivors (3072K)
 Metaspace       used 52082K, committed 52544K, reserved 1097728K
  class space    used 6989K, committed 7168K, reserved 1048576K
}
Event: 11.540 GC heap after
{Heap after GC invocations=15 (full 0):
 garbage-first heap   total 68608K, used 33767K [0x0000000080000000, 0x0000000100000000)
  region size 1024K, 3 young (3072K), 3 survivors (3072K)
 Metaspace       used 52082K, committed 52544K, reserved 1097728K
  class space    used 6989K, committed 7168K, reserved 1048576K
}
Event: 11.979 GC heap before
{Heap before GC invocations=16 (full 0):
 garbage-first heap   total 68608K, used 53223K [0x0000000080000000, 0x0000000100000000)
  region size 1024K, 22 young (22528K), 3 survivors (3072K)
 Metaspace       used 52867K, committed 53312K, reserved 1097728K
  class space    used 7084K, committed 7296K, reserved 1048576K
}
Event: 11.982 GC heap after
{Heap after GC invocations=17 (full 0):
 garbage-first heap   total 68608K, used 35792K [0x0000000080000000, 0x0000000100000000)
  region size 1024K, 3 young (3072K), 3 survivors (3072K)
 Metaspace       used 52867K, committed 53312K, reserved 1097728K
  class space    used 7084K, committed 7296K, reserved 1048576K
}
Event: 11.987 GC heap before
{Heap before GC invocations=17 (full 0):
 garbage-first heap   total 68608K, used 36816K [0x0000000080000000, 0x0000000100000000)
  region size 1024K, 4 young (4096K), 3 survivors (3072K)
 Metaspace       used 52879K, committed 53312K, reserved 1097728K
  class space    used 7085K, committed 7296K, reserved 1048576K
}
Event: 11.991 GC heap after
{Heap after GC invocations=18 (full 0):
 garbage-first heap   total 68608K, used 35728K [0x0000000080000000, 0x0000000100000000)
  region size 1024K, 1 young (1024K), 1 survivors (1024K)
 Metaspace       used 52879K, committed 53312K, reserved 1097728K
  class space    used 7085K, committed 7296K, reserved 1048576K
}
Event: 12.222 GC heap before
{Heap before GC invocations=18 (full 0):
 garbage-first heap   total 68608K, used 54160K [0x0000000080000000, 0x0000000100000000)
  region size 1024K, 19 young (19456K), 1 survivors (1024K)
 Metaspace       used 53282K, committed 53760K, reserved 1097728K
  class space    used 7124K, committed 7296K, reserved 1048576K
}
Event: 12.225 GC heap after
{Heap after GC invocations=19 (full 0):
 garbage-first heap   total 68608K, used 37929K [0x0000000080000000, 0x0000000100000000)
  region size 1024K, 3 young (3072K), 3 survivors (3072K)
 Metaspace       used 53282K, committed 53760K, reserved 1097728K
  class space    used 7124K, committed 7296K, reserved 1048576K
}
Event: 12.515 GC heap before
{Heap before GC invocations=20 (full 0):
 garbage-first heap   total 68608K, used 60457K [0x0000000080000000, 0x0000000100000000)
  region size 1024K, 17 young (17408K), 3 survivors (3072K)
 Metaspace       used 54035K, committed 54528K, reserved 1097728K
  class space    used 7224K, committed 7424K, reserved 1048576K
}
Event: 12.519 GC heap after
{Heap after GC invocations=21 (full 0):
 garbage-first heap   total 72704K, used 53877K [0x0000000080000000, 0x0000000100000000)
  region size 1024K, 3 young (3072K), 3 survivors (3072K)
 Metaspace       used 54035K, committed 54528K, reserved 1097728K
  class space    used 7224K, committed 7424K, reserved 1048576K
}
Event: 12.529 GC heap before
{Heap before GC invocations=21 (full 0):
 garbage-first heap   total 72704K, used 54901K [0x0000000080000000, 0x0000000100000000)
  region size 1024K, 4 young (4096K), 3 survivors (3072K)
 Metaspace       used 54199K, committed 54656K, reserved 1097728K
  class space    used 7234K, committed 7424K, reserved 1048576K
}
Event: 12.531 GC heap after
{Heap after GC invocations=22 (full 0):
 garbage-first heap   total 72704K, used 53580K [0x0000000080000000, 0x0000000100000000)
  region size 1024K, 1 young (1024K), 1 survivors (1024K)
 Metaspace       used 54199K, committed 54656K, reserved 1097728K
  class space    used 7234K, committed 7424K, reserved 1048576K
}
Event: 12.579 GC heap before
{Heap before GC invocations=22 (full 0):
 garbage-first heap   total 72704K, used 57676K [0x0000000080000000, 0x0000000100000000)
  region size 1024K, 6 young (6144K), 1 survivors (1024K)
 Metaspace       used 54880K, committed 55360K, reserved 1097728K
  class space    used 7322K, committed 7552K, reserved 1048576K
}
Event: 12.580 GC heap after
{Heap after GC invocations=23 (full 0):
 garbage-first heap   total 72704K, used 53740K [0x0000000080000000, 0x0000000100000000)
  region size 1024K, 1 young (1024K), 1 survivors (1024K)
 Metaspace       used 54880K, committed 55360K, reserved 1097728K
  class space    used 7322K, committed 7552K, reserved 1048576K
}
Event: 12.670 GC heap before
{Heap before GC invocations=24 (full 0):
 garbage-first heap   total 96256K, used 59884K [0x0000000080000000, 0x0000000100000000)
  region size 1024K, 7 young (7168K), 1 survivors (1024K)
 Metaspace       used 55598K, committed 56000K, reserved 1097728K
  class space    used 7438K, committed 7616K, reserved 1048576K
}
Event: 12.673 GC heap after
{Heap after GC invocations=25 (full 0):
 garbage-first heap   total 204800K, used 53992K [0x0000000080000000, 0x0000000100000000)
  region size 1024K, 1 young (1024K), 1 survivors (1024K)
 Metaspace       used 55598K, committed 56000K, reserved 1097728K
  class space    used 7438K, committed 7616K, reserved 1048576K
}
Event: 12.826 GC heap before
{Heap before GC invocations=25 (full 0):
 garbage-first heap   total 204800K, used 63208K [0x0000000080000000, 0x0000000100000000)
  region size 1024K, 10 young (10240K), 1 survivors (1024K)
 Metaspace       used 56900K, committed 57344K, reserved 1105920K
  class space    used 7620K, committed 7808K, reserved 1048576K
}
Event: 12.829 GC heap after
{Heap after GC invocations=26 (full 0):
 garbage-first heap   total 204800K, used 53852K [0x0000000080000000, 0x0000000100000000)
  region size 1024K, 1 young (1024K), 1 survivors (1024K)
 Metaspace       used 56900K, committed 57344K, reserved 1105920K
  class space    used 7620K, committed 7808K, reserved 1048576K
}
Event: 14.437 GC heap before
{Heap before GC invocations=26 (full 0):
 garbage-first heap   total 204800K, used 169564K [0x0000000080000000, 0x0000000100000000)
  region size 1024K, 108 young (110592K), 1 survivors (1024K)
 Metaspace       used 70553K, committed 71104K, reserved 1114112K
  class space    used 9321K, committed 9600K, reserved 1048576K
}
Event: 14.447 GC heap after
{Heap after GC invocations=27 (full 0):
 garbage-first heap   total 204800K, used 62205K [0x0000000080000000, 0x0000000100000000)
  region size 1024K, 10 young (10240K), 10 survivors (10240K)
 Metaspace       used 70553K, committed 71104K, reserved 1114112K
  class space    used 9321K, committed 9600K, reserved 1048576K
}

